<?xml version="1.0" encoding="UTF-8"?>
<!-- Generated by org.testng.reporters.JUnitXMLReporter -->
<testsuite ignored="0" hostname="Muthulakshmi" failures="0" tests="3" name="Test" time="84.861" errors="0" timestamp="11 Dec 2021 10:17:20 GMT">
  <testcase classname="com.testng.samsung.SamsungTestCases" name="search" time="25.158"/>
  <testcase classname="com.testng.samsung.SamsungTestCases" name="selectProduct" time="20.658"/>
  <testcase classname="com.testng.samsung.SamsungTestCases" name="addToCart" time="38.999"/>
</testsuite> <!-- Test -->
