<?xml version="1.0" encoding="UTF-8"?>
<testng-results ignored="0" total="3" passed="3" failed="0" skipped="0">
  <reporter-output>
  </reporter-output>
  <suite started-at="2021-12-11T10:15:50Z" name="Suite" finished-at="2021-12-11T10:17:15Z" duration-ms="84861">
    <groups>
    </groups>
    <test started-at="2021-12-11T10:15:50Z" name="Test" finished-at="2021-12-11T10:17:15Z" duration-ms="84861">
      <class name="com.testng.samsung.SamsungTestCases">
        <test-method is-config="true" signature="launchUrl()[pri:0, instance:com.testng.samsung.SamsungTestCases@1e097d59]" started-at="2021-12-11T10:14:18Z" name="launchUrl" finished-at="2021-12-11T10:15:50Z" duration-ms="92418" status="PASS">
          <reporter-output>
          </reporter-output>
        </test-method> <!-- launchUrl -->
        <test-method signature="search()[pri:1, instance:com.testng.samsung.SamsungTestCases@1e097d59]" started-at="2021-12-11T10:15:50Z" name="search" finished-at="2021-12-11T10:16:16Z" duration-ms="25158" status="PASS">
          <reporter-output>
          </reporter-output>
        </test-method> <!-- search -->
        <test-method signature="selectProduct()[pri:2, instance:com.testng.samsung.SamsungTestCases@1e097d59]" started-at="2021-12-11T10:16:16Z" name="selectProduct" finished-at="2021-12-11T10:16:36Z" duration-ms="20658" status="PASS">
          <reporter-output>
          </reporter-output>
        </test-method> <!-- selectProduct -->
        <test-method signature="addToCart()[pri:3, instance:com.testng.samsung.SamsungTestCases@1e097d59]" started-at="2021-12-11T10:16:36Z" name="addToCart" finished-at="2021-12-11T10:17:15Z" duration-ms="38999" status="PASS">
          <reporter-output>
          </reporter-output>
        </test-method> <!-- addToCart -->
      </class> <!-- com.testng.samsung.SamsungTestCases -->
    </test> <!-- Test -->
  </suite> <!-- Suite -->
</testng-results>
